********************************************************************************
DUPLICATOR-LITE PACKAGE-LOG: December 15, 2020 12:09 pm
NOTICE: Do NOT post to public sites or forums 
********************************************************************************
VERSION:	1.3.40
WORDPRESS:	5.5.3
PHP INFO:	7.4.9 | SAPI: apache2handler
SERVER:		Apache/2.4.46 (Unix) OpenSSL/1.1.1g PHP/7.4.9 mod_perl/2.0.11 Perl/v5.32.0 
PHP TIME LIMIT: (0) no time limit imposed 
PHP MAX MEMORY: 4294967296 (512M default) 
MEMORY STACK: 4.5MB

********************************************************************************
DATABASE:
********************************************************************************
BUILD MODE:   PHP(query limit - 100)
MYSQLTIMEOUT: 5000
MYSQLDUMP:    Is Supported
TABLES: total:27 | filtered:0 | create:27
FILTERED: []
SQL CREATED: 20201215_demo_6babfa8c12150fe77966_20201215120943_database.sql
SQL FILE SIZE: 2.48MB (2596536)
SQL FILE TIME: 2020-12-15 12:09:54
SQL RUNTIME: 0.23 sec.

********************************************************************************
ARCHIVE (ZIP):
********************************************************************************
ARCHIVE DIR:  /opt/lampp/htdocs/wp
ARCHIVE FILE: 20201215_demo_6babfa8c12150fe77966_20201215120943_archive.zip
FILTERS: *OFF*
DIRS:
	not set
FILES:
	not set
EXTS:  not set
----------------------------------------
COMPRESSING
SIZE:	156.36MB
STATS:	Dirs 991 | Files 10,407
SQL ADDED: 20201215_demo_6babfa8c12150fe77966_20201215120943_database.sql
ZipArchive Object
(
    [status] => 0
    [statusSys] => 0
    [numFiles] => 11398
    [filename] => /opt/lampp/htdocs/wp/wp-content/backups-dup-lite/tmp/20201215_demo_6babfa8c12150fe77966_20201215120943_archive.zip
    [comment] => 
)

FILE ADDED TO ZIP: 11397
COMPRESSION RESULT: '1'
COMPRESSED SIZE: 61.16MB
ARCHIVE RUNTIME: 32.13 sec.
MEMORY STACK: 6.5MB
building installer
add_extra_files1
add_extra_files2
add_extra_files3
add_extra_files4
Doing archive file check
add_extra_files5
add_extra_files6
add_extra_files8
Successfully opened zip /opt/lampp/htdocs/wp/wp-content/backups-dup-lite/tmp/20201215_demo_6babfa8c12150fe77966_20201215120943_archive.zip
Adding enhanced installer files to archive using ZipArchive
Installer files added to archive
Added to archive
After ziparchive close when adding installer

********************************************************************************
INTEGRITY CHECKS:
********************************************************************************
SQL FILE: 2.48MB
INSTALLER FILE: 61.31KB
ARCHIVE FILE: 62.74MB 
EXPECTED FILE/DIRECTORY COUNT: 11,398
ACTUAL FILE/DIRECTORY COUNT: 11,397
ARCHIVE CONSISTENCY TEST: Pass

********************************************************************************
RECORD ID:[5]
TOTAL PROCESS RUNTIME: 49.25 sec.
PEAK PHP MEMORY USED: 10.5MB
DONE PROCESSING => 20201215_demo December 15, 2020 12:10 pm

